android/app/build/intermediates/manifest_merge_blame_file/release/manifest-merger-blame-release-report.txt
1<?xml version="1.0" encoding="utf-8"?>
2<manifest xmlns:android="http://schemas.android.com/apk/res/android"
3    package="com.breakingnews"
4    android:versionCode="1"
5    android:versionName="1.0" >
6
7    <uses-sdk
8        android:minSdkVersion="16"
8-->src/main/AndroidManifest.xml
9        android:targetSdkVersion="29" />
9-->src/main/AndroidManifest.xml
10
11    <uses-permission android:name="android.permission.INTERNET" />
11-->src/main/AndroidManifest.xml:4:5-67
11-->src/main/AndroidManifest.xml:4:22-64
12    <uses-permission android:name="android.permission.WAKE_LOCK" />
12-->[:react-native-firebase_messaging] AndroidManifest.xml:12:5-68
12-->[:react-native-firebase_messaging] AndroidManifest.xml:12:22-65
13    <uses-permission android:name="android.permission.ACCESS_NETWORK_STATE" /> <!-- Required by older versions of Google Play services to create IID tokens -->
13-->[:react-native-firebase_messaging] AndroidManifest.xml:13:5-79
13-->[:react-native-firebase_messaging] AndroidManifest.xml:13:22-76
14    <uses-permission android:name="com.google.android.c2dm.permission.RECEIVE" />
14-->[com.google.firebase:firebase-iid:21.0.1] AndroidManifest.xml:26:5-82
14-->[com.google.firebase:firebase-iid:21.0.1] AndroidManifest.xml:26:22-79
15    <uses-permission android:name="com.google.android.finsky.permission.BIND_GET_INSTALL_REFERRER_SERVICE" />
15-->[com.google.android.gms:play-services-measurement:18.0.2] AndroidManifest.xml:26:5-110
15-->[com.google.android.gms:play-services-measurement:18.0.2] AndroidManifest.xml:26:22-107
16
17    <application
17-->src/main/AndroidManifest.xml:6:5-25:19
18        android:name="com.breakingnews.MainApplication"
18-->src/main/AndroidManifest.xml:7:7-38
19        android:allowBackup="false"
19-->src/main/AndroidManifest.xml:11:7-34
20        android:appComponentFactory="androidx.core.app.CoreComponentFactory"
20-->[androidx.core:core:1.1.0] AndroidManifest.xml:24:18-86
21        android:icon="@mipmap/breaking_news"
21-->src/main/AndroidManifest.xml:9:7-43
22        android:label="@string/app_name"
22-->src/main/AndroidManifest.xml:8:7-39
23        android:roundIcon="@mipmap/breaking_news"
23-->src/main/AndroidManifest.xml:10:7-48
24        android:theme="@style/AppTheme" >
24-->src/main/AndroidManifest.xml:12:7-38
25        <activity
25-->src/main/AndroidManifest.xml:13:7-23:18
26            android:name="com.breakingnews.MainActivity"
26-->src/main/AndroidManifest.xml:14:9-37
27            android:configChanges="keyboard|keyboardHidden|orientation|screenSize|uiMode"
27-->src/main/AndroidManifest.xml:16:9-86
28            android:label="@string/app_name"
28-->src/main/AndroidManifest.xml:15:9-41
29            android:launchMode="singleTask"
29-->src/main/AndroidManifest.xml:17:9-40
30            android:windowSoftInputMode="adjustResize" >
30-->src/main/AndroidManifest.xml:18:9-51
31            <intent-filter>
31-->src/main/AndroidManifest.xml:19:9-22:25
32                <action android:name="android.intent.action.MAIN" />
32-->src/main/AndroidManifest.xml:20:13-65
32-->src/main/AndroidManifest.xml:20:21-62
33
34                <category android:name="android.intent.category.LAUNCHER" />
34-->src/main/AndroidManifest.xml:21:13-73
34-->src/main/AndroidManifest.xml:21:23-70
35            </intent-filter>
36        </activity>
37        <activity android:name="com.facebook.react.devsupport.DevSettingsActivity" />
37-->src/main/AndroidManifest.xml:24:7-84
37-->src/main/AndroidManifest.xml:24:17-81
38
39        <service android:name="io.invertase.firebase.messaging.ReactNativeFirebaseMessagingHeadlessService" />
39-->[:react-native-firebase_messaging] AndroidManifest.xml:16:9-111
39-->[:react-native-firebase_messaging] AndroidManifest.xml:16:18-108
40        <service
40-->[:react-native-firebase_messaging] AndroidManifest.xml:17:9-23:19
41            android:name="io.invertase.firebase.messaging.ReactNativeFirebaseMessagingService"
41-->[:react-native-firebase_messaging] AndroidManifest.xml:18:13-95
42            android:exported="false" >
42-->[:react-native-firebase_messaging] AndroidManifest.xml:19:13-37
43            <intent-filter>
43-->[:react-native-firebase_messaging] AndroidManifest.xml:20:13-22:29
44                <action android:name="com.google.firebase.MESSAGING_EVENT" />
44-->[:react-native-firebase_messaging] AndroidManifest.xml:21:17-78
44-->[:react-native-firebase_messaging] AndroidManifest.xml:21:25-75
45            </intent-filter>
46        </service>
47
48        <receiver
48-->[:react-native-firebase_messaging] AndroidManifest.xml:25:9-32:20
49            android:name="io.invertase.firebase.messaging.ReactNativeFirebaseMessagingReceiver"
49-->[:react-native-firebase_messaging] AndroidManifest.xml:26:13-96
50            android:exported="true"
50-->[:react-native-firebase_messaging] AndroidManifest.xml:27:13-36
51            android:permission="com.google.android.c2dm.permission.SEND" >
51-->[:react-native-firebase_messaging] AndroidManifest.xml:28:13-73
52            <intent-filter>
52-->[:react-native-firebase_messaging] AndroidManifest.xml:29:13-31:29
53                <action android:name="com.google.android.c2dm.intent.RECEIVE" />
53-->[:react-native-firebase_messaging] AndroidManifest.xml:30:17-81
53-->[:react-native-firebase_messaging] AndroidManifest.xml:30:25-78
54            </intent-filter>
55        </receiver>
56
57        <meta-data
57-->[:react-native-firebase_messaging] AndroidManifest.xml:34:9-36:36
58            android:name="firebase_messaging_auto_init_enabled"
58-->[:react-native-firebase_messaging] AndroidManifest.xml:35:13-64
59            android:value="true" />
59-->[:react-native-firebase_messaging] AndroidManifest.xml:36:13-33
60        <meta-data
60-->[:react-native-firebase_messaging] AndroidManifest.xml:37:9-39:32
61            android:name="com.google.firebase.messaging.default_notification_channel_id"
61-->[:react-native-firebase_messaging] AndroidManifest.xml:38:13-89
62            android:value="" />
62-->[:react-native-firebase_messaging] AndroidManifest.xml:39:13-29
63        <meta-data
63-->[:react-native-firebase_messaging] AndroidManifest.xml:40:9-42:47
64            android:name="com.google.firebase.messaging.default_notification_color"
64-->[:react-native-firebase_messaging] AndroidManifest.xml:41:13-84
65            android:resource="@color/white" />
65-->[:react-native-firebase_messaging] AndroidManifest.xml:42:13-44
66        <!--
67             FirebaseMessagingService performs security checks at runtime,
68             but set to not exported to explicitly avoid allowing another app to call it.
69        -->
70        <service
70-->[com.google.firebase:firebase-messaging:21.0.1] AndroidManifest.xml:28:9-35:19
71            android:name="com.google.firebase.messaging.FirebaseMessagingService"
71-->[com.google.firebase:firebase-messaging:21.0.1] AndroidManifest.xml:29:13-82
72            android:directBootAware="true"
72-->[com.google.firebase:firebase-messaging:21.0.1] AndroidManifest.xml:30:13-43
73            android:exported="false" >
73-->[com.google.firebase:firebase-messaging:21.0.1] AndroidManifest.xml:31:13-37
74            <intent-filter android:priority="-500" >
74-->[:react-native-firebase_messaging] AndroidManifest.xml:20:13-22:29
75                <action android:name="com.google.firebase.MESSAGING_EVENT" />
75-->[:react-native-firebase_messaging] AndroidManifest.xml:21:17-78
75-->[:react-native-firebase_messaging] AndroidManifest.xml:21:25-75
76            </intent-filter>
77        </service>
78        <service
78-->[com.google.firebase:firebase-messaging:21.0.1] AndroidManifest.xml:36:9-42:19
79            android:name="com.google.firebase.components.ComponentDiscoveryService"
79-->[com.google.firebase:firebase-messaging:21.0.1] AndroidManifest.xml:37:13-84
80            android:directBootAware="true"
80-->[com.google.firebase:firebase-common:19.5.0] AndroidManifest.xml:35:13-43
81            android:exported="false" >
81-->[com.google.firebase:firebase-messaging:21.0.1] AndroidManifest.xml:38:13-37
82            <meta-data
82-->[com.google.firebase:firebase-messaging:21.0.1] AndroidManifest.xml:39:13-41:85
83                android:name="com.google.firebase.components:com.google.firebase.messaging.FirebaseMessagingRegistrar"
83-->[com.google.firebase:firebase-messaging:21.0.1] AndroidManifest.xml:40:17-119
84                android:value="com.google.firebase.components.ComponentRegistrar" />
84-->[com.google.firebase:firebase-messaging:21.0.1] AndroidManifest.xml:41:17-82
85            <meta-data
85-->[com.google.firebase:firebase-datatransport:17.0.10] AndroidManifest.xml:28:13-30:85
86                android:name="com.google.firebase.components:com.google.firebase.datatransport.TransportRegistrar"
86-->[com.google.firebase:firebase-datatransport:17.0.10] AndroidManifest.xml:29:17-115
87                android:value="com.google.firebase.components.ComponentRegistrar" />
87-->[com.google.firebase:firebase-datatransport:17.0.10] AndroidManifest.xml:30:17-82
88            <meta-data
88-->[com.google.firebase:firebase-iid:21.0.1] AndroidManifest.xml:32:13-34:85
89                android:name="com.google.firebase.components:com.google.firebase.iid.Registrar"
89-->[com.google.firebase:firebase-iid:21.0.1] AndroidManifest.xml:33:17-96
90                android:value="com.google.firebase.components.ComponentRegistrar" />
90-->[com.google.firebase:firebase-iid:21.0.1] AndroidManifest.xml:34:17-82
91            <meta-data
91-->[com.google.android.gms:play-services-measurement-api:18.0.2] AndroidManifest.xml:30:13-32:85
92                android:name="com.google.firebase.components:com.google.firebase.analytics.connector.internal.AnalyticsConnectorRegistrar"
92-->[com.google.android.gms:play-services-measurement-api:18.0.2] AndroidManifest.xml:31:17-139
93                android:value="com.google.firebase.components.ComponentRegistrar" />
93-->[com.google.android.gms:play-services-measurement-api:18.0.2] AndroidManifest.xml:32:17-82
94            <meta-data
94-->[com.google.firebase:firebase-installations:16.3.5] AndroidManifest.xml:18:13-20:85
95                android:name="com.google.firebase.components:com.google.firebase.installations.FirebaseInstallationsRegistrar"
95-->[com.google.firebase:firebase-installations:16.3.5] AndroidManifest.xml:19:17-127
96                android:value="com.google.firebase.components.ComponentRegistrar" />
96-->[com.google.firebase:firebase-installations:16.3.5] AndroidManifest.xml:20:17-82
97            <!--
98                This registrar is not defined in the dynamic-module-support sdk itself to allow non-firebase
99                clients to use it as well, by defining this registrar in their own core/common library.
100            -->
101            <meta-data
101-->[com.google.firebase:firebase-common:19.5.0] AndroidManifest.xml:43:13-45:85
102                android:name="com.google.firebase.components:com.google.firebase.dynamicloading.DynamicLoadingRegistrar"
102-->[com.google.firebase:firebase-common:19.5.0] AndroidManifest.xml:44:17-121
103                android:value="com.google.firebase.components.ComponentRegistrar" />
103-->[com.google.firebase:firebase-common:19.5.0] AndroidManifest.xml:45:17-82
104        </service>
105        <service
105-->[com.google.android.datatransport:transport-backend-cct:2.3.3] AndroidManifest.xml:29:9-35:19
106            android:name="com.google.android.datatransport.runtime.backends.TransportBackendDiscovery"
106-->[com.google.android.datatransport:transport-backend-cct:2.3.3] AndroidManifest.xml:30:13-103
107            android:exported="false" >
107-->[com.google.android.datatransport:transport-backend-cct:2.3.3] AndroidManifest.xml:31:13-37
108            <meta-data
108-->[com.google.android.datatransport:transport-backend-cct:2.3.3] AndroidManifest.xml:32:13-34:39
109                android:name="backend:com.google.android.datatransport.cct.CctBackendFactory"
109-->[com.google.android.datatransport:transport-backend-cct:2.3.3] AndroidManifest.xml:33:17-94
110                android:value="cct" />
110-->[com.google.android.datatransport:transport-backend-cct:2.3.3] AndroidManifest.xml:34:17-36
111        </service>
112
113        <receiver
113-->[com.google.firebase:firebase-iid:21.0.1] AndroidManifest.xml:37:9-44:20
114            android:name="com.google.firebase.iid.FirebaseInstanceIdReceiver"
114-->[com.google.firebase:firebase-iid:21.0.1] AndroidManifest.xml:38:13-78
115            android:exported="true"
115-->[com.google.firebase:firebase-iid:21.0.1] AndroidManifest.xml:39:13-36
116            android:permission="com.google.android.c2dm.permission.SEND" >
116-->[com.google.firebase:firebase-iid:21.0.1] AndroidManifest.xml:40:13-73
117            <intent-filter>
117-->[:react-native-firebase_messaging] AndroidManifest.xml:29:13-31:29
118                <action android:name="com.google.android.c2dm.intent.RECEIVE" />
118-->[:react-native-firebase_messaging] AndroidManifest.xml:30:17-81
118-->[:react-native-firebase_messaging] AndroidManifest.xml:30:25-78
119            </intent-filter>
120        </receiver>
121
122        <provider
122-->[com.google.firebase:firebase-common:19.5.0] AndroidManifest.xml:26:9-31:39
123            android:name="com.google.firebase.provider.FirebaseInitProvider"
123-->[com.google.firebase:firebase-common:19.5.0] AndroidManifest.xml:27:13-77
124            android:authorities="com.breakingnews.firebaseinitprovider"
124-->[com.google.firebase:firebase-common:19.5.0] AndroidManifest.xml:28:13-72
125            android:directBootAware="true"
125-->[com.google.firebase:firebase-common:19.5.0] AndroidManifest.xml:29:13-43
126            android:exported="false"
126-->[com.google.firebase:firebase-common:19.5.0] AndroidManifest.xml:30:13-37
127            android:initOrder="100" />
127-->[com.google.firebase:firebase-common:19.5.0] AndroidManifest.xml:31:13-36
128
129        <service
129-->[com.google.android.datatransport:transport-runtime:2.2.5] AndroidManifest.xml:26:9-30:19
130            android:name="com.google.android.datatransport.runtime.scheduling.jobscheduling.JobInfoSchedulerService"
130-->[com.google.android.datatransport:transport-runtime:2.2.5] AndroidManifest.xml:27:13-117
131            android:exported="false"
131-->[com.google.android.datatransport:transport-runtime:2.2.5] AndroidManifest.xml:28:13-37
132            android:permission="android.permission.BIND_JOB_SERVICE" >
132-->[com.google.android.datatransport:transport-runtime:2.2.5] AndroidManifest.xml:29:13-69
133        </service>
134
135        <receiver
135-->[com.google.android.datatransport:transport-runtime:2.2.5] AndroidManifest.xml:32:9-34:40
136            android:name="com.google.android.datatransport.runtime.scheduling.jobscheduling.AlarmManagerSchedulerBroadcastReceiver"
136-->[com.google.android.datatransport:transport-runtime:2.2.5] AndroidManifest.xml:33:13-132
137            android:exported="false" />
137-->[com.google.android.datatransport:transport-runtime:2.2.5] AndroidManifest.xml:34:13-37
138
139        <activity
139-->[com.google.android.gms:play-services-auth:19.0.0] AndroidManifest.xml:23:9-27:75
140            android:name="com.google.android.gms.auth.api.signin.internal.SignInHubActivity"
140-->[com.google.android.gms:play-services-auth:19.0.0] AndroidManifest.xml:24:13-93
141            android:excludeFromRecents="true"
141-->[com.google.android.gms:play-services-auth:19.0.0] AndroidManifest.xml:25:13-46
142            android:exported="false"
142-->[com.google.android.gms:play-services-auth:19.0.0] AndroidManifest.xml:26:13-37
143            android:theme="@android:style/Theme.Translucent.NoTitleBar" />
143-->[com.google.android.gms:play-services-auth:19.0.0] AndroidManifest.xml:27:13-72
144        <!--
145            Service handling Google Sign-In user revocation. For apps that do not integrate with
146            Google Sign-In, this service will never be started.
147        -->
148        <service
148-->[com.google.android.gms:play-services-auth:19.0.0] AndroidManifest.xml:33:9-37:51
149            android:name="com.google.android.gms.auth.api.signin.RevocationBoundService"
149-->[com.google.android.gms:play-services-auth:19.0.0] AndroidManifest.xml:34:13-89
150            android:exported="true"
150-->[com.google.android.gms:play-services-auth:19.0.0] AndroidManifest.xml:35:13-36
151            android:permission="com.google.android.gms.auth.api.signin.permission.REVOCATION_NOTIFICATION"
151-->[com.google.android.gms:play-services-auth:19.0.0] AndroidManifest.xml:36:13-107
152            android:visibleToInstantApps="true" />
152-->[com.google.android.gms:play-services-auth:19.0.0] AndroidManifest.xml:37:13-48
153
154        <activity
154-->[com.google.android.gms:play-services-base:17.1.0] AndroidManifest.xml:23:9-26:75
155            android:name="com.google.android.gms.common.api.GoogleApiActivity"
155-->[com.google.android.gms:play-services-base:17.1.0] AndroidManifest.xml:24:13-79
156            android:exported="false"
156-->[com.google.android.gms:play-services-base:17.1.0] AndroidManifest.xml:25:13-37
157            android:theme="@android:style/Theme.Translucent.NoTitleBar" />
157-->[com.google.android.gms:play-services-base:17.1.0] AndroidManifest.xml:26:13-72
158
159        <receiver
159-->[com.google.android.gms:play-services-measurement:18.0.2] AndroidManifest.xml:29:9-33:20
160            android:name="com.google.android.gms.measurement.AppMeasurementReceiver"
160-->[com.google.android.gms:play-services-measurement:18.0.2] AndroidManifest.xml:30:13-85
161            android:enabled="true"
161-->[com.google.android.gms:play-services-measurement:18.0.2] AndroidManifest.xml:31:13-35
162            android:exported="false" >
162-->[com.google.android.gms:play-services-measurement:18.0.2] AndroidManifest.xml:32:13-37
163        </receiver>
164
165        <service
165-->[com.google.android.gms:play-services-measurement:18.0.2] AndroidManifest.xml:35:9-38:40
166            android:name="com.google.android.gms.measurement.AppMeasurementService"
166-->[com.google.android.gms:play-services-measurement:18.0.2] AndroidManifest.xml:36:13-84
167            android:enabled="true"
167-->[com.google.android.gms:play-services-measurement:18.0.2] AndroidManifest.xml:37:13-35
168            android:exported="false" />
168-->[com.google.android.gms:play-services-measurement:18.0.2] AndroidManifest.xml:38:13-37
169        <service
169-->[com.google.android.gms:play-services-measurement:18.0.2] AndroidManifest.xml:39:9-43:72
170            android:name="com.google.android.gms.measurement.AppMeasurementJobService"
170-->[com.google.android.gms:play-services-measurement:18.0.2] AndroidManifest.xml:40:13-87
171            android:enabled="true"
171-->[com.google.android.gms:play-services-measurement:18.0.2] AndroidManifest.xml:41:13-35
172            android:exported="false"
172-->[com.google.android.gms:play-services-measurement:18.0.2] AndroidManifest.xml:42:13-37
173            android:permission="android.permission.BIND_JOB_SERVICE" />
173-->[com.google.android.gms:play-services-measurement:18.0.2] AndroidManifest.xml:43:13-69
174
175        <meta-data
175-->[com.google.android.gms:play-services-basement:17.1.1] AndroidManifest.xml:23:9-25:69
176            android:name="com.google.android.gms.version"
176-->[com.google.android.gms:play-services-basement:17.1.1] AndroidManifest.xml:24:13-58
177            android:value="@integer/google_play_services_version" />
177-->[com.google.android.gms:play-services-basement:17.1.1] AndroidManifest.xml:25:13-66
178    </application>
179
180</manifest>